gcn148:1682879:1682879 [0] NCCL INFO NCCL version 2.27.3+cuda12.9
gcn148:1682879:1682879 [0] NCCL INFO init.cc:1792 Cuda Host Alloc Size 4 pointer 0x150cb1a00000
gcn148:1682879:1683187 [0] NCCL INFO Mem Realloc old size 0, new size 256 pointer 0x150c7b556fd0
gcn148:1682879:1683219 [0] NCCL INFO Mem Realloc old size 0, new size 32 pointer 0x150c70004b80
gcn148:1682879:1683219 [0] NCCL INFO Mem Realloc old size 32, new size 64 pointer 0x150c700054d0
gcn148:1682879:1683187 [0] NCCL INFO misc/utils.cc:233 memory stack hunk malloc(65536)
gcn148:1682879:1683187 [0] NCCL INFO channel.cc:42 Cuda Alloc Size 4864 pointer 0x150cb8600000
gcn148:1682879:1683187 [0] NCCL INFO channel.cc:45 Cuda Alloc Size 104 pointer 0x150cb8800000
gcn148:1682879:1683187 [0] NCCL INFO channel.cc:56 Cuda Alloc Size 32 pointer 0x150cb8a00000
gcn148:1682879:1683187 [0] NCCL INFO channel.cc:42 Cuda Alloc Size 4864 pointer 0x150cb8c00000
gcn148:1682879:1683187 [0] NCCL INFO channel.cc:45 Cuda Alloc Size 104 pointer 0x150cb8e00000
gcn148:1682879:1683187 [0] NCCL INFO channel.cc:56 Cuda Alloc Size 32 pointer 0x150cb9000000
gcn148:1682879:1683187 [0] NCCL INFO channel.cc:42 Cuda Alloc Size 4864 pointer 0x150cb9200000
gcn148:1682879:1683187 [0] NCCL INFO channel.cc:45 Cuda Alloc Size 104 pointer 0x150cb9400000
gcn148:1682879:1683187 [0] NCCL INFO channel.cc:56 Cuda Alloc Size 32 pointer 0x150cb9600000
gcn148:1682879:1683187 [0] NCCL INFO channel.cc:42 Cuda Alloc Size 4864 pointer 0x150cb9800000
gcn148:1682879:1683187 [0] NCCL INFO channel.cc:45 Cuda Alloc Size 104 pointer 0x150cb9a00000
gcn148:1682879:1683187 [0] NCCL INFO channel.cc:56 Cuda Alloc Size 32 pointer 0x150cb9c00000
gcn148:1682879:1683187 [0] NCCL INFO channel.cc:42 Cuda Alloc Size 4864 pointer 0x150cb9e00000
gcn148:1682879:1683187 [0] NCCL INFO channel.cc:45 Cuda Alloc Size 104 pointer 0x150cba000000
gcn148:1682879:1683187 [0] NCCL INFO channel.cc:56 Cuda Alloc Size 32 pointer 0x150cba200000
gcn148:1682879:1683187 [0] NCCL INFO channel.cc:42 Cuda Alloc Size 4864 pointer 0x150cba400000
gcn148:1682879:1683187 [0] NCCL INFO channel.cc:45 Cuda Alloc Size 104 pointer 0x150cba600000
gcn148:1682879:1683187 [0] NCCL INFO channel.cc:56 Cuda Alloc Size 32 pointer 0x150cba800000
gcn148:1682879:1683187 [0] NCCL INFO channel.cc:42 Cuda Alloc Size 4864 pointer 0x150cbaa00000
gcn148:1682879:1683187 [0] NCCL INFO channel.cc:45 Cuda Alloc Size 104 pointer 0x150cbac00000
gcn148:1682879:1683187 [0] NCCL INFO channel.cc:56 Cuda Alloc Size 32 pointer 0x150cbae00000
gcn148:1682879:1683187 [0] NCCL INFO channel.cc:42 Cuda Alloc Size 4864 pointer 0x150cbb000000
gcn148:1682879:1683187 [0] NCCL INFO channel.cc:45 Cuda Alloc Size 104 pointer 0x150cbb200000
gcn148:1682879:1683187 [0] NCCL INFO channel.cc:56 Cuda Alloc Size 32 pointer 0x150cbb400000
gcn148:1682879:1683187 [0] NCCL INFO init.cc:447 Cuda Alloc Size 23648 pointer 0x150cbb600000
gcn148:1682879:1683187 [0] NCCL INFO init.cc:449 Cuda Alloc Size 32 pointer 0x150cbb800000
gcn148:1682879:1683187 [0] NCCL INFO init.cc:491 Cuda Host Alloc Size 1048576 pointer 0x150cb1a00200
gcn148:1682879:1683187 [0] NCCL INFO init.cc:501 Cuda Host Alloc Size 65536 pointer 0x150cb1b00200
gcn148:1682879:1683187 [0] NCCL INFO init.cc:502 Cuda Host Alloc Size 65536 pointer 0x150cb1b10200
gcn148:1682879:1682879 [0] NCCL INFO misc/utils.cc:233 memory stack hunk malloc(65536)
gcn148:1682879:1683229 [0] NCCL INFO Mem Realloc old size 0, new size 8 pointer 0x150c6c004f20
gcn148:1682879:1683229 [0] NCCL INFO Allocated shareable buffer 0x150cbfa00000 size 2097152 ipcDesc 0x150c6c008b60
gcn148:1682879:1683229 [0] NCCL INFO Allocated shareable buffer 0x150cbfc00000 size 2097152 ipcDesc 0x150c6c008b60
gcn148:1682879:1683229 [0] NCCL INFO Allocated shareable buffer 0x150cbfe00000 size 2097152 ipcDesc 0x150c6c008b60
gcn148:1682879:1683229 [0] NCCL INFO Allocated shareable buffer 0x150cc0000000 size 2097152 ipcDesc 0x150c6c008b60
gcn148:1682879:1683229 [0] NCCL INFO Allocated shareable buffer 0x150cc0200000 size 2097152 ipcDesc 0x150c6c008b60
gcn148:1682879:1683229 [0] NCCL INFO Allocated shareable buffer 0x150cc0400000 size 2097152 ipcDesc 0x150c6c008b60
gcn148:1682879:1683229 [0] NCCL INFO Allocated shareable buffer 0x150cc0600000 size 2097152 ipcDesc 0x150c6c008b60
gcn148:1682879:1683229 [0] NCCL INFO Allocated shareable buffer 0x150cc0800000 size 2097152 ipcDesc 0x150c6c008b60
gcn148:1682879:1683229 [0] NCCL INFO Allocated shareable buffer 0x150cc0a00000 size 2097152 ipcDesc 0x150c6c008b60
gcn148:1682879:1683229 [0] NCCL INFO Allocated shareable buffer 0x150cc0c00000 size 2097152 ipcDesc 0x150c6c008b60
gcn148:1682879:1683229 [0] NCCL INFO Allocated shareable buffer 0x150cc0e00000 size 2097152 ipcDesc 0x150c6c008b60
gcn148:1682879:1683229 [0] NCCL INFO Allocated shareable buffer 0x150cc1000000 size 2097152 ipcDesc 0x150c6c008b60
gcn148:1682879:1683229 [0] NCCL INFO Allocated 33030532 bytes of shared memory in /dev/shm/nccl-LnuJmN
gcn148:1682879:1683229 [0] NCCL INFO Allocated shareable buffer 0x150cc1200000 size 10485760 ipcDesc 0x150c6c008b60
gcn148:1682879:1683229 [0] NCCL INFO Allocated shareable buffer 0x150cc1c00000 size 10485760 ipcDesc 0x150c6c008b60
gcn148:1682879:1683229 [0] NCCL INFO Allocated shareable buffer 0x150cc2600000 size 10485760 ipcDesc 0x150c6c008b60
gcn148:1682879:1683229 [0] NCCL INFO Allocated shareable buffer 0x150cc3000000 size 10485760 ipcDesc 0x150c6c008b60
gcn148:1682879:1683229 [0] NCCL INFO Allocated shareable buffer 0x150cc3a00000 size 10485760 ipcDesc 0x150c6c008b60
gcn148:1682879:1683229 [0] NCCL INFO Allocated shareable buffer 0x150cc4400000 size 10485760 ipcDesc 0x150c6c008b60
gcn148:1682879:1683229 [0] NCCL INFO Allocated shareable buffer 0x150cc4e00000 size 10485760 ipcDesc 0x150c6c008b60
gcn148:1682879:1683229 [0] NCCL INFO Allocated shareable buffer 0x150cc5800000 size 10485760 ipcDesc 0x150c6c008b60
gcn148:1682879:1683229 [0] NCCL INFO Allocated shareable buffer 0x150cc6200000 size 10485760 ipcDesc 0x150c6c008b60
gcn148:1682879:1683229 [0] NCCL INFO Allocated shareable buffer 0x150cc6c00000 size 10485760 ipcDesc 0x150c6c008b60
gcn148:1682879:1683229 [0] NCCL INFO Allocated shareable buffer 0x150cc7600000 size 10485760 ipcDesc 0x150c6c008b60
gcn148:1682879:1683229 [0] NCCL INFO Allocated shareable buffer 0x150cc8000000 size 10485760 ipcDesc 0x150c6c008b60
gcn148:1682879:1683229 [0] NCCL INFO Allocated shareable buffer 0x604000000 size 10485760 ipcDesc 0x150c6c01b688
gcn148:1682879:1683229 [0] NCCL INFO transport/net.cc:811 Cuda Host Alloc Size 532480 pointer 0x150cb1b20200
gcn148:1682879:1683229 [0] NCCL INFO Mem Realloc old size 0, new size 1024 pointer 0x150c6c0619b0
gcn148:1682879:1683229 [0] NCCL INFO Allocated shareable buffer 0x604c00000 size 9633792 ipcDesc 0x150c6c01a808
gcn148:1682879:1683229 [0] NCCL INFO transport/net.cc:972 Cuda Host Alloc Size 8192 pointer 0x150cb1ba2200
gcn148:1682879:1683229 [0] NCCL INFO Allocated shareable buffer 0x606000000 size 10485760 ipcDesc 0x150c6c01bcc8
gcn148:1682879:1683229 [0] NCCL INFO transport/net.cc:811 Cuda Host Alloc Size 532480 pointer 0x606a00000
gcn148:1682879:1683229 [0] NCCL INFO Allocated shareable buffer 0x606e00000 size 9633792 ipcDesc 0x150c6c01af98
gcn148:1682879:1683229 [0] NCCL INFO transport/net.cc:972 Cuda Host Alloc Size 8192 pointer 0x150cb1ba4200
