gcn146:2099653:2099653 [0] NCCL INFO NCCL version 2.27.3+cuda12.9
gcn146:2099653:2099965 [0] NCCL INFO TOPO/NET : Importing network plugins to topology
gcn146:2099653:2099965 [0] NCCL INFO Retrieving state for SHARP
gcn146:2099653:2099965 [0] NCCL INFO Initialized state 0 for SHARP
gcn146:2099653:2099965 [0] NCCL INFO ncclTopoPopulateNics : Filled mlx5_0 in topo with pciPath=/sys/devices/pci0000:40/0000:40:01.3/0000:42:00.0 keep=1 coll=1
gcn146:2099653:2099965 [0] NCCL INFO ncclTopoPopulateNics : Filled mlx5_2 in topo with pciPath=/sys/devices/pci0000:20/0000:20:01.1/0000:21:00.0/0000:22:00.0/0000:23:00.0 keep=1 coll=1
gcn146:2099653:2099965 [0] NCCL INFO ncclTopoPopulateNics : Filled mlx5_3 in topo with pciPath=/sys/devices/pci0000:00/0000:00:01.1/0000:01:00.0/0000:02:00.0/0000:03:00.0 keep=1 coll=1
gcn146:2099653:2099965 [0] NCCL INFO ncclTopoPopulateNics : Filled mlx5_4 in topo with pciPath=/sys/devices/pci0000:c0/0000:c0:01.1/0000:c1:00.0/0000:c2:00.0/0000:c3:00.0 keep=1 coll=1
gcn146:2099653:2099965 [0] NCCL INFO Retrieving state for IBext_v10
gcn146:2099653:2099965 [0] NCCL INFO Initialized state 0 for IBext_v10
gcn146:2099653:2099965 [0] NCCL INFO ncclTopoPopulateNics : Filled mlx5_0 in topo with pciPath=/sys/devices/pci0000:40/0000:40:01.3/0000:42:00.0 keep=1 coll=1
gcn146:2099653:2099965 [0] NCCL INFO ncclTopoPopulateNics : Filled mlx5_2 in topo with pciPath=/sys/devices/pci0000:20/0000:20:01.1/0000:21:00.0/0000:22:00.0/0000:23:00.0 keep=1 coll=1
gcn146:2099653:2099965 [0] NCCL INFO ncclTopoPopulateNics : Filled mlx5_3 in topo with pciPath=/sys/devices/pci0000:00/0000:00:01.1/0000:01:00.0/0000:02:00.0/0000:03:00.0 keep=1 coll=1
gcn146:2099653:2099965 [0] NCCL INFO ncclTopoPopulateNics : Filled mlx5_4 in topo with pciPath=/sys/devices/pci0000:c0/0000:c0:01.1/0000:c1:00.0/0000:c2:00.0/0000:c3:00.0 keep=1 coll=1
gcn146:2099653:2099965 [0] NCCL INFO ncclTopoPopulateNics : Filled mlx5_5 in topo with pciPath=/sys/devices/pci0000:a0/0000:a0:01.1/0000:a1:00.0/0000:a2:00.0/0000:a3:00.0 keep=1 coll=(null)
gcn146:2099653:2099965 [0] NCCL INFO GPU Direct RDMA Enabled for GPU 0 / HCA 2 (distance 5 <= 5), read 0 mode Default
gcn146:2099653:2099965 [0] NCCL INFO GPU Direct RDMA Enabled for GPU 1 / HCA 2 (distance 5 <= 5), read 0 mode Default
gcn146:2099653:2099965 [0] NCCL INFO GPU Direct RDMA Enabled for GPU 2 / HCA 2 (distance 5 <= 5), read 0 mode Default
gcn146:2099653:2099965 [0] NCCL INFO GPU Direct RDMA Enabled for GPU 3 / HCA 2 (distance 5 <= 5), read 0 mode Default
gcn146:2099653:2099965 [0] NCCL INFO GPU Direct RDMA Enabled for GPU 0 / HCA 1 (distance 5 <= 5), read 0 mode Default
gcn146:2099653:2099965 [0] NCCL INFO GPU Direct RDMA Enabled for GPU 1 / HCA 1 (distance 5 <= 5), read 0 mode Default
gcn146:2099653:2099965 [0] NCCL INFO GPU Direct RDMA Enabled for GPU 2 / HCA 1 (distance 5 <= 5), read 0 mode Default
gcn146:2099653:2099965 [0] NCCL INFO GPU Direct RDMA Enabled for GPU 3 / HCA 1 (distance 5 <= 5), read 0 mode Default
gcn146:2099653:2099965 [0] NCCL INFO GPU Direct RDMA Enabled for GPU 0 / HCA 4 (distance 5 <= 5), read 0 mode Default
gcn146:2099653:2099965 [0] NCCL INFO GPU Direct RDMA Enabled for GPU 1 / HCA 4 (distance 5 <= 5), read 0 mode Default
gcn146:2099653:2099965 [0] NCCL INFO GPU Direct RDMA Enabled for GPU 2 / HCA 4 (distance 5 <= 5), read 0 mode Default
gcn146:2099653:2099965 [0] NCCL INFO GPU Direct RDMA Enabled for GPU 3 / HCA 4 (distance 5 <= 5), read 0 mode Default
gcn146:2099653:2099965 [0] NCCL INFO GPU Direct RDMA Enabled for GPU 0 / HCA 3 (distance 5 <= 5), read 0 mode Default
gcn146:2099653:2099965 [0] NCCL INFO GPU Direct RDMA Enabled for GPU 1 / HCA 3 (distance 5 <= 5), read 0 mode Default
gcn146:2099653:2099965 [0] NCCL INFO GPU Direct RDMA Enabled for GPU 2 / HCA 3 (distance 5 <= 5), read 0 mode Default
gcn146:2099653:2099965 [0] NCCL INFO GPU Direct RDMA Enabled for GPU 3 / HCA 3 (distance 5 <= 5), read 0 mode Default
gcn146:2099653:2099965 [0] NCCL INFO GPU Direct RDMA Enabled for GPU 0 / HCA 2 (distance 5 <= 5), read 0 mode Default
gcn146:2099653:2099965 [0] NCCL INFO GPU Direct RDMA Enabled for GPU 1 / HCA 2 (distance 5 <= 5), read 0 mode Default
gcn146:2099653:2099965 [0] NCCL INFO GPU Direct RDMA Enabled for GPU 2 / HCA 2 (distance 5 <= 5), read 0 mode Default
gcn146:2099653:2099965 [0] NCCL INFO GPU Direct RDMA Enabled for GPU 3 / HCA 2 (distance 5 <= 5), read 0 mode Default
gcn146:2099653:2099965 [0] NCCL INFO GPU Direct RDMA Enabled for GPU 0 / HCA 1 (distance 5 <= 5), read 0 mode Default
gcn146:2099653:2099965 [0] NCCL INFO GPU Direct RDMA Enabled for GPU 1 / HCA 1 (distance 5 <= 5), read 0 mode Default
gcn146:2099653:2099965 [0] NCCL INFO GPU Direct RDMA Enabled for GPU 2 / HCA 1 (distance 5 <= 5), read 0 mode Default
gcn146:2099653:2099965 [0] NCCL INFO GPU Direct RDMA Enabled for GPU 3 / HCA 1 (distance 5 <= 5), read 0 mode Default
gcn146:2099653:2099965 [0] NCCL INFO GPU Direct RDMA Enabled for GPU 0 / HCA 4 (distance 5 <= 5), read 0 mode Default
gcn146:2099653:2099965 [0] NCCL INFO GPU Direct RDMA Enabled for GPU 1 / HCA 4 (distance 5 <= 5), read 0 mode Default
gcn146:2099653:2099965 [0] NCCL INFO GPU Direct RDMA Enabled for GPU 2 / HCA 4 (distance 5 <= 5), read 0 mode Default
gcn146:2099653:2099965 [0] NCCL INFO GPU Direct RDMA Enabled for GPU 3 / HCA 4 (distance 5 <= 5), read 0 mode Default
gcn146:2099653:2099965 [0] NCCL INFO GPU Direct RDMA Enabled for GPU 0 / HCA 3 (distance 5 <= 5), read 0 mode Default
gcn146:2099653:2099965 [0] NCCL INFO GPU Direct RDMA Enabled for GPU 1 / HCA 3 (distance 5 <= 5), read 0 mode Default
gcn146:2099653:2099965 [0] NCCL INFO GPU Direct RDMA Enabled for GPU 2 / HCA 3 (distance 5 <= 5), read 0 mode Default
gcn146:2099653:2099965 [0] NCCL INFO GPU Direct RDMA Enabled for GPU 3 / HCA 3 (distance 5 <= 5), read 0 mode Default
gcn146:2099653:2099965 [0] NCCL INFO === System : maxBw 25.0 totalBw 370.8 ===
gcn146:2099653:2099965 [0] NCCL INFO CPU/0-0 (1/2/-1)
gcn146:2099653:2099965 [0] NCCL INFO + PCI[48.0] - PCI/0-1000 (15b3197900000000)
gcn146:2099653:2099965 [0] NCCL INFO               + PCI[48.0] - NIC/0-3000
gcn146:2099653:2099965 [0] NCCL INFO                             + NET[25.0] - NET/0-2 (1/811460003e1a258/1/25.000000)
gcn146:2099653:2099965 [0] NCCL INFO               + PCI[48.0] - PCI/0-4000 (15b3197900000000)
gcn146:2099653:2099965 [0] NCCL INFO                             + PCI[48.0] - GPU/0-6000 (0)
gcn146:2099653:2099965 [0] NCCL INFO                                           + NVL[123.6] - GPU/0-26000
gcn146:2099653:2099965 [0] NCCL INFO                                           + NVL[123.6] - GPU/0-a6000
gcn146:2099653:2099965 [0] NCCL INFO                                           + NVL[123.6] - GPU/0-c6000
gcn146:2099653:2099965 [0] NCCL INFO + PCI[48.0] - PCI/0-21000 (15b3197900000000)
gcn146:2099653:2099965 [0] NCCL INFO               + PCI[48.0] - NIC/0-23000
gcn146:2099653:2099965 [0] NCCL INFO                             + NET[25.0] - NET/0-1 (1/411460003e1a258/1/25.000000)
gcn146:2099653:2099965 [0] NCCL INFO               + PCI[48.0] - PCI/0-24000 (15b3197900000000)
gcn146:2099653:2099965 [0] NCCL INFO                             + PCI[48.0] - GPU/0-26000 (1)
gcn146:2099653:2099965 [0] NCCL INFO                                           + NVL[123.6] - GPU/0-6000
gcn146:2099653:2099965 [0] NCCL INFO                                           + NVL[123.6] - GPU/0-c6000
gcn146:2099653:2099965 [0] NCCL INFO                                           + NVL[123.6] - GPU/0-a6000
gcn146:2099653:2099965 [0] NCCL INFO + SYS[16.0] - CPU/0-1
gcn146:2099653:2099965 [0] NCCL INFO + PCI[6.0] - NIC/0-42000
gcn146:2099653:2099965 [0] NCCL INFO              + NET[3.1] - NET/0-0 (1/21bf3700034a3b8c/1/3.125000)
gcn146:2099653:2099965 [0] NCCL INFO CPU/0-1 (1/2/-1)
gcn146:2099653:2099965 [0] NCCL INFO + PCI[48.0] - PCI/0-a1000 (15b3197900000000)
gcn146:2099653:2099965 [0] NCCL INFO               + PCI[48.0] - NIC/0-a3000
gcn146:2099653:2099965 [0] NCCL INFO                             + NET[25.0] - NET/0-4 (0/11460003e1a258/1/25.000000)
gcn146:2099653:2099965 [0] NCCL INFO               + PCI[48.0] - PCI/0-a4000 (15b3197900000000)
gcn146:2099653:2099965 [0] NCCL INFO                             + PCI[48.0] - GPU/0-a6000 (2)
gcn146:2099653:2099965 [0] NCCL INFO                                           + NVL[123.6] - GPU/0-26000
gcn146:2099653:2099965 [0] NCCL INFO                                           + NVL[123.6] - GPU/0-6000
gcn146:2099653:2099965 [0] NCCL INFO                                           + NVL[123.6] - GPU/0-c6000
gcn146:2099653:2099965 [0] NCCL INFO + PCI[48.0] - PCI/0-c1000 (15b3197900000000)
gcn146:2099653:2099965 [0] NCCL INFO               + PCI[48.0] - NIC/0-c3000
gcn146:2099653:2099965 [0] NCCL INFO                             + NET[25.0] - NET/0-3 (1/fc10460003e1a258/1/25.000000)
gcn146:2099653:2099965 [0] NCCL INFO               + PCI[48.0] - PCI/0-c4000 (15b3197900000000)
gcn146:2099653:2099965 [0] NCCL INFO                             + PCI[48.0] - GPU/0-c6000 (3)
gcn146:2099653:2099965 [0] NCCL INFO                                           + NVL[123.6] - GPU/0-6000
gcn146:2099653:2099965 [0] NCCL INFO                                           + NVL[123.6] - GPU/0-26000
gcn146:2099653:2099965 [0] NCCL INFO                                           + NVL[123.6] - GPU/0-a6000
gcn146:2099653:2099965 [0] NCCL INFO + SYS[16.0] - CPU/0-0
gcn146:2099653:2099965 [0] NCCL INFO ==========================================
gcn146:2099653:2099965 [0] NCCL INFO GPU/0-6000 :GPU/0-6000 (0/5000.0/LOC) GPU/0-26000 (1/123.6/NVL) GPU/0-a6000 (1/123.6/NVL) GPU/0-c6000 (1/123.6/NVL) CPU/0-0 (3/48.0/PHB) CPU/0-1 (4/16.0/SYS) NET/0-2 (4/25.0/PXB) NET/0-1 (5/25.0/PXN) NET/0-0 (5/3.1/PHB) NET/0-4 (5/25.0/PXN) NET/0-3 (5/25.0/PXN) 
gcn146:2099653:2099965 [0] NCCL INFO GPU/0-26000 :GPU/0-6000 (1/123.6/NVL) GPU/0-26000 (0/5000.0/LOC) GPU/0-a6000 (1/123.6/NVL) GPU/0-c6000 (1/123.6/NVL) CPU/0-0 (3/48.0/PHB) CPU/0-1 (4/16.0/SYS) NET/0-2 (5/25.0/PXN) NET/0-1 (4/25.0/PXB) NET/0-0 (5/3.1/PHB) NET/0-4 (5/25.0/PXN) NET/0-3 (5/25.0/PXN) 
gcn146:2099653:2099965 [0] NCCL INFO GPU/0-a6000 :GPU/0-6000 (1/123.6/NVL) GPU/0-26000 (1/123.6/NVL) GPU/0-a6000 (0/5000.0/LOC) GPU/0-c6000 (1/123.6/NVL) CPU/0-0 (4/16.0/SYS) CPU/0-1 (3/48.0/PHB) NET/0-2 (5/25.0/PXN) NET/0-1 (5/25.0/PXN) NET/0-0 (6/3.1/SYS) NET/0-4 (4/25.0/PXB) NET/0-3 (5/25.0/PXN) 
gcn146:2099653:2099965 [0] NCCL INFO GPU/0-c6000 :GPU/0-6000 (1/123.6/NVL) GPU/0-26000 (1/123.6/NVL) GPU/0-a6000 (1/123.6/NVL) GPU/0-c6000 (0/5000.0/LOC) CPU/0-0 (4/16.0/SYS) CPU/0-1 (3/48.0/PHB) NET/0-2 (5/25.0/PXN) NET/0-1 (5/25.0/PXN) NET/0-0 (6/3.1/SYS) NET/0-4 (5/25.0/PXN) NET/0-3 (4/25.0/PXB) 
gcn146:2099653:2099965 [0] NCCL INFO NET/0-2 :GPU/0-6000 (4/25.0/PXB) GPU/0-26000 (6/25.0/PHB) GPU/0-a6000 (7/16.0/SYS) GPU/0-c6000 (7/16.0/SYS) CPU/0-0 (3/25.0/PHB) CPU/0-1 (4/16.0/SYS) NET/0-2 (0/5000.0/LOC) NET/0-1 (6/25.0/PHB) NET/0-0 (5/3.1/PHB) NET/0-4 (7/16.0/SYS) NET/0-3 (7/16.0/SYS) 
gcn146:2099653:2099965 [0] NCCL INFO NET/0-1 :GPU/0-6000 (6/25.0/PHB) GPU/0-26000 (4/25.0/PXB) GPU/0-a6000 (7/16.0/SYS) GPU/0-c6000 (7/16.0/SYS) CPU/0-0 (3/25.0/PHB) CPU/0-1 (4/16.0/SYS) NET/0-2 (6/25.0/PHB) NET/0-1 (0/5000.0/LOC) NET/0-0 (5/3.1/PHB) NET/0-4 (7/16.0/SYS) NET/0-3 (7/16.0/SYS) 
gcn146:2099653:2099965 [0] NCCL INFO NET/0-0 :GPU/0-6000 (5/3.1/PHB) GPU/0-26000 (5/3.1/PHB) GPU/0-a6000 (6/3.1/SYS) GPU/0-c6000 (6/3.1/SYS) CPU/0-0 (2/3.1/PHB) CPU/0-1 (3/3.1/SYS) NET/0-2 (5/3.1/PHB) NET/0-1 (5/3.1/PHB) NET/0-0 (0/5000.0/LOC) NET/0-4 (6/3.1/SYS) NET/0-3 (6/3.1/SYS) 
gcn146:2099653:2099965 [0] NCCL INFO NET/0-4 :GPU/0-6000 (7/16.0/SYS) GPU/0-26000 (7/16.0/SYS) GPU/0-a6000 (4/25.0/PXB) GPU/0-c6000 (6/25.0/PHB) CPU/0-0 (4/16.0/SYS) CPU/0-1 (3/25.0/PHB) NET/0-2 (7/16.0/SYS) NET/0-1 (7/16.0/SYS) NET/0-0 (6/3.1/SYS) NET/0-4 (0/5000.0/LOC) NET/0-3 (6/25.0/PHB) 
gcn146:2099653:2099965 [0] NCCL INFO NET/0-3 :GPU/0-6000 (7/16.0/SYS) GPU/0-26000 (7/16.0/SYS) GPU/0-a6000 (6/25.0/PHB) GPU/0-c6000 (4/25.0/PXB) CPU/0-0 (4/16.0/SYS) CPU/0-1 (3/25.0/PHB) NET/0-2 (7/16.0/SYS) NET/0-1 (7/16.0/SYS) NET/0-0 (6/3.1/SYS) NET/0-4 (6/25.0/PHB) NET/0-3 (0/5000.0/LOC) 
gcn146:2099653:2099965 [0] NCCL INFO Pattern 4, crossNic 0, nChannels 4, bw 24.000000/24.000000, type NVL/PXN, sameChannels 0
gcn146:2099653:2099965 [0] NCCL INFO  0 : NET/0-2 GPU/0 GPU/1 GPU/2 GPU/3 NET/0-2
gcn146:2099653:2099965 [0] NCCL INFO  1 : NET/0-1 GPU/1 GPU/3 GPU/2 GPU/0 NET/0-1
gcn146:2099653:2099965 [0] NCCL INFO  2 : NET/0-4 GPU/2 GPU/1 GPU/0 GPU/3 NET/0-4
gcn146:2099653:2099965 [0] NCCL INFO  3 : NET/0-3 GPU/3 GPU/1 GPU/0 GPU/2 NET/0-3
gcn146:2099653:2099965 [0] NCCL INFO Pattern 3, crossNic 0, nChannels 4, bw 48.000000/24.000000, type NVL/PXB, sameChannels 0
gcn146:2099653:2099965 [0] NCCL INFO  0 : NET/0-2 GPU/0 GPU/1 GPU/2 GPU/3 NET/0-2
gcn146:2099653:2099965 [0] NCCL INFO  1 : NET/0-1 GPU/1 GPU/2 GPU/3 GPU/0 NET/0-1
gcn146:2099653:2099965 [0] NCCL INFO  2 : NET/0-4 GPU/2 GPU/0 GPU/1 GPU/3 NET/0-4
gcn146:2099653:2099965 [0] NCCL INFO  3 : NET/0-3 GPU/3 GPU/0 GPU/2 GPU/1 NET/0-3
gcn146:2099653:2099965 [0] NCCL INFO Tree 0 : -1 -> 0 -> 1/4/-1
gcn146:2099653:2099965 [0] NCCL INFO Tree 4 : 4 -> 0 -> 1/-1/-1
gcn146:2099653:2099965 [0] NCCL INFO Ring 00 : 7 -> 0 -> 1
gcn146:2099653:2099965 [0] NCCL INFO Ring 01 : 2 -> 0 -> 5
gcn146:2099653:2099965 [0] NCCL INFO Ring 02 : 1 -> 0 -> 3
gcn146:2099653:2099965 [0] NCCL INFO Ring 03 : 1 -> 0 -> 2
gcn146:2099653:2099965 [0] NCCL INFO Ring 04 : 7 -> 0 -> 1
gcn146:2099653:2099965 [0] NCCL INFO Ring 05 : 2 -> 0 -> 5
gcn146:2099653:2099965 [0] NCCL INFO Ring 06 : 1 -> 0 -> 3
gcn146:2099653:2099965 [0] NCCL INFO Ring 07 : 1 -> 0 -> 2
gcn146:2099653:2100019 [0] NCCL INFO GPU Direct RDMA Enabled for GPU 0 / HCA 2 (distance 5 <= 5), read 0 mode Default
gcn146:2099653:2100019 [0] NCCL INFO GPU Direct RDMA Enabled for GPU 0 / HCA 2 (distance 5 <= 5), read 0 mode Default
gcn146:2099653:2100019 [0] NCCL INFO GPU Direct RDMA Enabled for GPU 0 / HCA 2 (distance 5 <= 5), read 1 mode Default
gcn146:2099653:2100019 [0] NCCL INFO GPU Direct RDMA Enabled for GPU 0 / HCA 2 (distance 5 <= 5), read 1 mode Default
